{"/Users/jamesritzman/Documents/Dev/eezy/src/components/BreedPicker/BreedPicker.tsx": {"path":"/Users/jamesritzman/Documents/Dev/eezy/src/components/BreedPicker/BreedPicker.tsx","all":false,"statementMap":{"0":{"start":{"line":1,"column":0},"end":{"line":1,"column":33}},"1":{"start":{"line":2,"column":0},"end":{"line":2,"column":12}},"2":{"start":{"line":3,"column":0},"end":{"line":3,"column":49}},"3":{"start":{"line":4,"column":0},"end":{"line":4,"column":39}},"4":{"start":{"line":5,"column":0},"end":{"line":5,"column":11}},"5":{"start":{"line":6,"column":0},"end":{"line":6,"column":49}},"6":{"start":{"line":7,"column":0},"end":{"line":7,"column":53}},"7":{"start":{"line":8,"column":0},"end":{"line":8,"column":9}},"8":{"start":{"line":9,"column":0},"end":{"line":9,"column":28}},"9":{"start":{"line":10,"column":0},"end":{"line":10,"column":0}},"10":{"start":{"line":11,"column":0},"end":{"line":11,"column":0}},"11":{"start":{"line":12,"column":0},"end":{"line":12,"column":31}},"12":{"start":{"line":13,"column":0},"end":{"line":13,"column":72}},"13":{"start":{"line":14,"column":0},"end":{"line":14,"column":23}},"14":{"start":{"line":15,"column":0},"end":{"line":15,"column":55}},"15":{"start":{"line":16,"column":0},"end":{"line":16,"column":5}},"16":{"start":{"line":17,"column":0},"end":{"line":17,"column":27}},"17":{"start":{"line":18,"column":0},"end":{"line":18,"column":2}},"18":{"start":{"line":19,"column":0},"end":{"line":19,"column":0}},"19":{"start":{"line":20,"column":0},"end":{"line":20,"column":0}},"20":{"start":{"line":21,"column":0},"end":{"line":21,"column":27}},"21":{"start":{"line":22,"column":0},"end":{"line":22,"column":0}},"22":{"start":{"line":23,"column":0},"end":{"line":23,"column":12}},"23":{"start":{"line":24,"column":0},"end":{"line":24,"column":34}},"24":{"start":{"line":25,"column":0},"end":{"line":25,"column":86}},"25":{"start":{"line":26,"column":0},"end":{"line":26,"column":52}},"26":{"start":{"line":27,"column":0},"end":{"line":27,"column":54}},"27":{"start":{"line":28,"column":0},"end":{"line":28,"column":0}},"28":{"start":{"line":29,"column":0},"end":{"line":29,"column":26}},"29":{"start":{"line":30,"column":0},"end":{"line":30,"column":73}},"30":{"start":{"line":31,"column":0},"end":{"line":31,"column":33}},"31":{"start":{"line":32,"column":0},"end":{"line":32,"column":26}},"32":{"start":{"line":33,"column":0},"end":{"line":33,"column":7}},"33":{"start":{"line":34,"column":0},"end":{"line":34,"column":0}},"34":{"start":{"line":35,"column":0},"end":{"line":35,"column":20}},"35":{"start":{"line":36,"column":0},"end":{"line":36,"column":38}},"36":{"start":{"line":37,"column":0},"end":{"line":37,"column":5}},"37":{"start":{"line":38,"column":0},"end":{"line":38,"column":0}},"38":{"start":{"line":39,"column":0},"end":{"line":39,"column":18}},"39":{"start":{"line":40,"column":0},"end":{"line":40,"column":50}},"40":{"start":{"line":41,"column":0},"end":{"line":41,"column":5}},"41":{"start":{"line":42,"column":0},"end":{"line":42,"column":0}},"42":{"start":{"line":43,"column":0},"end":{"line":43,"column":0}},"43":{"start":{"line":44,"column":0},"end":{"line":44,"column":12}},"44":{"start":{"line":45,"column":0},"end":{"line":45,"column":10}},"45":{"start":{"line":46,"column":0},"end":{"line":46,"column":52}},"46":{"start":{"line":47,"column":0},"end":{"line":47,"column":17}},"47":{"start":{"line":48,"column":0},"end":{"line":48,"column":68}},"48":{"start":{"line":49,"column":0},"end":{"line":49,"column":32}},"49":{"start":{"line":50,"column":0},"end":{"line":50,"column":39}},"50":{"start":{"line":51,"column":0},"end":{"line":51,"column":69}},"51":{"start":{"line":52,"column":0},"end":{"line":52,"column":65}},"52":{"start":{"line":53,"column":0},"end":{"line":53,"column":43}},"53":{"start":{"line":54,"column":0},"end":{"line":54,"column":79}},"54":{"start":{"line":55,"column":0},"end":{"line":55,"column":63}},"55":{"start":{"line":56,"column":0},"end":{"line":56,"column":69}},"56":{"start":{"line":57,"column":0},"end":{"line":57,"column":41}},"57":{"start":{"line":58,"column":0},"end":{"line":58,"column":30}},"58":{"start":{"line":59,"column":0},"end":{"line":59,"column":25}},"59":{"start":{"line":60,"column":0},"end":{"line":60,"column":22}},"60":{"start":{"line":61,"column":0},"end":{"line":61,"column":17}},"61":{"start":{"line":62,"column":0},"end":{"line":62,"column":18}},"62":{"start":{"line":63,"column":0},"end":{"line":63,"column":99}},"63":{"start":{"line":64,"column":0},"end":{"line":64,"column":114}},"64":{"start":{"line":65,"column":0},"end":{"line":65,"column":66}},"65":{"start":{"line":66,"column":0},"end":{"line":66,"column":11}},"66":{"start":{"line":67,"column":0},"end":{"line":67,"column":5}},"67":{"start":{"line":68,"column":0},"end":{"line":68,"column":1}},"68":{"start":{"line":69,"column":0},"end":{"line":69,"column":0}},"69":{"start":{"line":70,"column":0},"end":{"line":70,"column":27}}},"s":{"0":1,"1":1,"2":1,"3":1,"4":1,"5":1,"6":1,"7":1,"8":1,"9":1,"10":1,"11":1,"12":1,"13":0,"14":0,"15":0,"16":0,"17":0,"18":1,"19":1,"20":1,"21":1,"22":1,"23":1,"24":1,"25":1,"26":1,"27":1,"28":1,"29":1,"30":1,"31":1,"32":1,"33":1,"34":1,"35":1,"36":1,"37":0,"38":0,"39":0,"40":0,"41":0,"42":0,"43":0,"44":0,"45":0,"46":0,"47":0,"48":0,"49":0,"50":0,"51":0,"52":0,"53":0,"54":0,"55":0,"56":0,"57":0,"58":0,"59":0,"60":0,"61":0,"62":0,"63":1,"64":1,"65":1,"66":1,"67":1,"68":1,"69":1},"branchMap":{"0":{"type":"branch","line":12,"loc":{"start":{"line":12,"column":18},"end":{"line":18,"column":2}},"locations":[{"start":{"line":12,"column":18},"end":{"line":18,"column":2}}]},"1":{"type":"branch","line":13,"loc":{"start":{"line":13,"column":70},"end":{"line":18,"column":2}},"locations":[{"start":{"line":13,"column":70},"end":{"line":18,"column":2}}]},"2":{"type":"branch","line":21,"loc":{"start":{"line":21,"column":20},"end":{"line":68,"column":1}},"locations":[{"start":{"line":21,"column":20},"end":{"line":68,"column":1}}]},"3":{"type":"branch","line":37,"loc":{"start":{"line":37,"column":4},"end":{"line":64,"column":112}},"locations":[{"start":{"line":37,"column":4},"end":{"line":64,"column":112}}]}},"b":{"0":[1],"1":[0],"2":[1],"3":[0]},"fnMap":{"0":{"name":"getBreeds","decl":{"start":{"line":12,"column":18},"end":{"line":18,"column":2}},"loc":{"start":{"line":12,"column":18},"end":{"line":18,"column":2}},"line":12},"1":{"name":"BreedPicker","decl":{"start":{"line":21,"column":20},"end":{"line":68,"column":1}},"loc":{"start":{"line":21,"column":20},"end":{"line":68,"column":1}},"line":21},"2":{"name":"onClick","decl":{"start":{"line":63,"column":29},"end":{"line":63,"column":57}},"loc":{"start":{"line":63,"column":29},"end":{"line":63,"column":57}},"line":63},"3":{"name":"onClick","decl":{"start":{"line":64,"column":49},"end":{"line":64,"column":78}},"loc":{"start":{"line":64,"column":49},"end":{"line":64,"column":78}},"line":64}},"f":{"0":1,"1":1,"2":0,"3":0}}
,"/Users/jamesritzman/Documents/Dev/eezy/src/components/BreedPicker/BreedPickerHelpers.ts": {"path":"/Users/jamesritzman/Documents/Dev/eezy/src/components/BreedPicker/BreedPickerHelpers.ts","all":false,"statementMap":{"0":{"start":{"line":1,"column":0},"end":{"line":1,"column":93}},"1":{"start":{"line":2,"column":0},"end":{"line":2,"column":50}},"2":{"start":{"line":3,"column":0},"end":{"line":3,"column":135}},"3":{"start":{"line":4,"column":0},"end":{"line":4,"column":23}},"4":{"start":{"line":5,"column":0},"end":{"line":5,"column":84}},"5":{"start":{"line":6,"column":0},"end":{"line":6,"column":5}},"6":{"start":{"line":7,"column":0},"end":{"line":7,"column":27}},"7":{"start":{"line":8,"column":0},"end":{"line":8,"column":2}}},"s":{"0":1,"1":4,"2":4,"3":2,"4":0,"5":0,"6":1,"7":4},"branchMap":{"0":{"type":"branch","line":1,"loc":{"start":{"line":1,"column":92},"end":{"line":8,"column":2}},"locations":[{"start":{"line":1,"column":92},"end":{"line":8,"column":2}}]},"1":{"type":"branch","line":2,"loc":{"start":{"line":2,"column":30},"end":{"line":3,"column":98}},"locations":[{"start":{"line":2,"column":30},"end":{"line":3,"column":98}}]},"2":{"type":"branch","line":3,"loc":{"start":{"line":3,"column":79},"end":{"line":3,"column":123}},"locations":[{"start":{"line":3,"column":79},"end":{"line":3,"column":123}}]},"3":{"type":"branch","line":3,"loc":{"start":{"line":3,"column":117},"end":{"line":3,"column":133}},"locations":[{"start":{"line":3,"column":117},"end":{"line":3,"column":133}}]},"4":{"type":"branch","line":3,"loc":{"start":{"line":3,"column":133},"end":{"line":8,"column":2}},"locations":[{"start":{"line":3,"column":133},"end":{"line":8,"column":2}}]},"5":{"type":"branch","line":3,"loc":{"start":{"line":3,"column":133},"end":{"line":4,"column":22}},"locations":[{"start":{"line":3,"column":133},"end":{"line":4,"column":22}}]},"6":{"type":"branch","line":4,"loc":{"start":{"line":4,"column":22},"end":{"line":6,"column":5}},"locations":[{"start":{"line":4,"column":22},"end":{"line":6,"column":5}}]},"7":{"type":"branch","line":6,"loc":{"start":{"line":6,"column":4},"end":{"line":8,"column":2}},"locations":[{"start":{"line":6,"column":4},"end":{"line":8,"column":2}}]},"8":{"type":"branch","line":8,"loc":{"start":{"line":8,"column":0},"end":{"line":8,"column":2}},"locations":[{"start":{"line":8,"column":0},"end":{"line":8,"column":2}}]}},"b":{"0":[4],"1":[2],"2":[1],"3":[1],"4":[2],"5":[1],"6":[0],"7":[1],"8":[4]},"fnMap":{"0":{"name":"getImagesListByBreed","decl":{"start":{"line":1,"column":92},"end":{"line":8,"column":2}},"loc":{"start":{"line":1,"column":92},"end":{"line":8,"column":2}},"line":1},"1":{"name":"get","decl":{"start":{"line":8,"column":0},"end":{"line":8,"column":2}},"loc":{"start":{"line":8,"column":0},"end":{"line":8,"column":2}},"line":8}},"f":{"0":4,"1":4}}
,"/Users/jamesritzman/Documents/Dev/eezy/src/components/BreedPicker/InputGroup/InputGroup.tsx": {"path":"/Users/jamesritzman/Documents/Dev/eezy/src/components/BreedPicker/InputGroup/InputGroup.tsx","all":false,"statementMap":{"0":{"start":{"line":1,"column":0},"end":{"line":1,"column":8}},"1":{"start":{"line":2,"column":0},"end":{"line":2,"column":16}},"2":{"start":{"line":3,"column":0},"end":{"line":3,"column":15}},"3":{"start":{"line":4,"column":0},"end":{"line":4,"column":11}},"4":{"start":{"line":5,"column":0},"end":{"line":5,"column":13}},"5":{"start":{"line":6,"column":0},"end":{"line":6,"column":11}},"6":{"start":{"line":7,"column":0},"end":{"line":7,"column":23}},"7":{"start":{"line":8,"column":0},"end":{"line":8,"column":49}},"8":{"start":{"line":9,"column":0},"end":{"line":9,"column":8}},"9":{"start":{"line":10,"column":0},"end":{"line":10,"column":22}},"10":{"start":{"line":11,"column":0},"end":{"line":11,"column":25}},"11":{"start":{"line":12,"column":0},"end":{"line":12,"column":25}},"12":{"start":{"line":13,"column":0},"end":{"line":13,"column":29}},"13":{"start":{"line":14,"column":0},"end":{"line":14,"column":61}},"14":{"start":{"line":15,"column":0},"end":{"line":15,"column":0}},"15":{"start":{"line":16,"column":0},"end":{"line":16,"column":0}},"16":{"start":{"line":17,"column":0},"end":{"line":17,"column":28}},"17":{"start":{"line":18,"column":0},"end":{"line":18,"column":56}},"18":{"start":{"line":19,"column":0},"end":{"line":19,"column":41}},"19":{"start":{"line":20,"column":0},"end":{"line":20,"column":18}},"20":{"start":{"line":21,"column":0},"end":{"line":21,"column":23}},"21":{"start":{"line":22,"column":0},"end":{"line":22,"column":56}},"22":{"start":{"line":23,"column":0},"end":{"line":23,"column":31}},"23":{"start":{"line":24,"column":0},"end":{"line":24,"column":1}},"24":{"start":{"line":25,"column":0},"end":{"line":25,"column":52}},"25":{"start":{"line":26,"column":0},"end":{"line":26,"column":11}},"26":{"start":{"line":27,"column":0},"end":{"line":27,"column":26}},"27":{"start":{"line":28,"column":0},"end":{"line":28,"column":18}},"28":{"start":{"line":29,"column":0},"end":{"line":29,"column":14}},"29":{"start":{"line":30,"column":0},"end":{"line":30,"column":18}},"30":{"start":{"line":31,"column":0},"end":{"line":31,"column":23}},"31":{"start":{"line":32,"column":0},"end":{"line":32,"column":26}},"32":{"start":{"line":33,"column":0},"end":{"line":33,"column":14}},"33":{"start":{"line":34,"column":0},"end":{"line":34,"column":0}},"34":{"start":{"line":35,"column":0},"end":{"line":35,"column":0}},"35":{"start":{"line":36,"column":0},"end":{"line":36,"column":75}},"36":{"start":{"line":37,"column":0},"end":{"line":37,"column":88}},"37":{"start":{"line":38,"column":0},"end":{"line":38,"column":96}},"38":{"start":{"line":39,"column":0},"end":{"line":39,"column":7}},"39":{"start":{"line":40,"column":0},"end":{"line":40,"column":0}},"40":{"start":{"line":41,"column":0},"end":{"line":41,"column":20}},"41":{"start":{"line":42,"column":0},"end":{"line":42,"column":38}},"42":{"start":{"line":43,"column":0},"end":{"line":43,"column":5}},"43":{"start":{"line":44,"column":0},"end":{"line":44,"column":0}},"44":{"start":{"line":45,"column":0},"end":{"line":45,"column":18}},"45":{"start":{"line":46,"column":0},"end":{"line":46,"column":50}},"46":{"start":{"line":47,"column":0},"end":{"line":47,"column":5}},"47":{"start":{"line":48,"column":0},"end":{"line":48,"column":0}},"48":{"start":{"line":49,"column":0},"end":{"line":49,"column":0}},"49":{"start":{"line":50,"column":0},"end":{"line":50,"column":12}},"50":{"start":{"line":51,"column":0},"end":{"line":51,"column":42}},"51":{"start":{"line":52,"column":0},"end":{"line":52,"column":35}},"52":{"start":{"line":53,"column":0},"end":{"line":53,"column":70}},"53":{"start":{"line":54,"column":0},"end":{"line":54,"column":23}},"54":{"start":{"line":55,"column":0},"end":{"line":55,"column":48}},"55":{"start":{"line":56,"column":0},"end":{"line":56,"column":37}},"56":{"start":{"line":57,"column":0},"end":{"line":57,"column":51}},"57":{"start":{"line":58,"column":0},"end":{"line":58,"column":33}},"58":{"start":{"line":59,"column":0},"end":{"line":59,"column":100}},"59":{"start":{"line":60,"column":0},"end":{"line":60,"column":17}},"60":{"start":{"line":61,"column":0},"end":{"line":61,"column":21}},"61":{"start":{"line":62,"column":0},"end":{"line":62,"column":70}},"62":{"start":{"line":63,"column":0},"end":{"line":63,"column":36}},"63":{"start":{"line":64,"column":0},"end":{"line":64,"column":82}},"64":{"start":{"line":65,"column":0},"end":{"line":65,"column":50}},"65":{"start":{"line":66,"column":0},"end":{"line":66,"column":43}},"66":{"start":{"line":67,"column":0},"end":{"line":67,"column":29}},"67":{"start":{"line":68,"column":0},"end":{"line":68,"column":26}},"68":{"start":{"line":69,"column":0},"end":{"line":69,"column":21}},"69":{"start":{"line":70,"column":0},"end":{"line":70,"column":25}},"70":{"start":{"line":71,"column":0},"end":{"line":71,"column":26}},"71":{"start":{"line":72,"column":0},"end":{"line":72,"column":35}},"72":{"start":{"line":73,"column":0},"end":{"line":73,"column":78}},"73":{"start":{"line":74,"column":0},"end":{"line":74,"column":23}},"74":{"start":{"line":75,"column":0},"end":{"line":75,"column":52}},"75":{"start":{"line":76,"column":0},"end":{"line":76,"column":41}},"76":{"start":{"line":77,"column":0},"end":{"line":77,"column":54}},"77":{"start":{"line":78,"column":0},"end":{"line":78,"column":37}},"78":{"start":{"line":79,"column":0},"end":{"line":79,"column":103}},"79":{"start":{"line":80,"column":0},"end":{"line":80,"column":17}},"80":{"start":{"line":81,"column":0},"end":{"line":81,"column":21}},"81":{"start":{"line":82,"column":0},"end":{"line":82,"column":67}},"82":{"start":{"line":83,"column":0},"end":{"line":83,"column":80}},"83":{"start":{"line":84,"column":0},"end":{"line":84,"column":64}},"84":{"start":{"line":85,"column":0},"end":{"line":85,"column":36}},"85":{"start":{"line":86,"column":0},"end":{"line":86,"column":74}},"86":{"start":{"line":87,"column":0},"end":{"line":87,"column":46}},"87":{"start":{"line":88,"column":0},"end":{"line":88,"column":43}},"88":{"start":{"line":89,"column":0},"end":{"line":89,"column":29}},"89":{"start":{"line":90,"column":0},"end":{"line":90,"column":26}},"90":{"start":{"line":91,"column":0},"end":{"line":91,"column":71}},"91":{"start":{"line":92,"column":0},"end":{"line":92,"column":21}},"92":{"start":{"line":93,"column":0},"end":{"line":93,"column":25}},"93":{"start":{"line":94,"column":0},"end":{"line":94,"column":26}},"94":{"start":{"line":95,"column":0},"end":{"line":95,"column":67}},"95":{"start":{"line":96,"column":0},"end":{"line":96,"column":134}},"96":{"start":{"line":97,"column":0},"end":{"line":97,"column":14}},"97":{"start":{"line":98,"column":0},"end":{"line":98,"column":5}},"98":{"start":{"line":99,"column":0},"end":{"line":99,"column":1}},"99":{"start":{"line":100,"column":0},"end":{"line":100,"column":0}},"100":{"start":{"line":101,"column":0},"end":{"line":101,"column":26}}},"s":{"0":1,"1":1,"2":1,"3":1,"4":1,"5":1,"6":1,"7":1,"8":1,"9":1,"10":1,"11":1,"12":1,"13":1,"14":1,"15":1,"16":1,"17":1,"18":1,"19":1,"20":1,"21":1,"22":1,"23":1,"24":1,"25":1,"26":1,"27":1,"28":1,"29":1,"30":1,"31":1,"32":1,"33":1,"34":1,"35":1,"36":1,"37":1,"38":1,"39":1,"40":1,"41":1,"42":1,"43":0,"44":0,"45":0,"46":0,"47":0,"48":0,"49":0,"50":0,"51":0,"52":0,"53":0,"54":0,"55":0,"56":0,"57":0,"58":0,"59":0,"60":0,"61":0,"62":0,"63":0,"64":0,"65":0,"66":0,"67":0,"68":0,"69":0,"70":0,"71":0,"72":0,"73":0,"74":0,"75":0,"76":0,"77":0,"78":0,"79":0,"80":0,"81":0,"82":0,"83":0,"84":0,"85":0,"86":0,"87":0,"88":0,"89":0,"90":0,"91":1,"92":1,"93":1,"94":1,"95":1,"96":1,"97":1,"98":1,"99":1,"100":1},"branchMap":{"0":{"type":"branch","line":25,"loc":{"start":{"line":25,"column":19},"end":{"line":99,"column":1}},"locations":[{"start":{"line":25,"column":19},"end":{"line":99,"column":1}}]},"1":{"type":"branch","line":43,"loc":{"start":{"line":43,"column":4},"end":{"line":82,"column":67}},"locations":[{"start":{"line":43,"column":4},"end":{"line":82,"column":67}}]},"2":{"type":"branch","line":82,"loc":{"start":{"line":82,"column":60},"end":{"line":90,"column":26}},"locations":[{"start":{"line":82,"column":60},"end":{"line":90,"column":26}}]},"3":{"type":"branch","line":90,"loc":{"start":{"line":90,"column":25},"end":{"line":91,"column":71}},"locations":[{"start":{"line":90,"column":25},"end":{"line":91,"column":71}}]},"4":{"type":"branch","line":96,"loc":{"start":{"line":96,"column":14},"end":{"line":96,"column":132}},"locations":[{"start":{"line":96,"column":14},"end":{"line":96,"column":132}}]},"5":{"type":"branch","line":38,"loc":{"start":{"line":38,"column":17},"end":{"line":38,"column":96}},"locations":[{"start":{"line":38,"column":17},"end":{"line":38,"column":96}}]}},"b":{"0":[1],"1":[0],"2":[0],"3":[0],"4":[0],"5":[1]},"fnMap":{"0":{"name":"InputGroup","decl":{"start":{"line":25,"column":19},"end":{"line":99,"column":1}},"loc":{"start":{"line":25,"column":19},"end":{"line":99,"column":1}},"line":25},"1":{"name":"queryFn","decl":{"start":{"line":38,"column":17},"end":{"line":38,"column":96}},"loc":{"start":{"line":38,"column":17},"end":{"line":38,"column":96}},"line":38},"2":{"name":"onChange","decl":{"start":{"line":59,"column":31},"end":{"line":59,"column":100}},"loc":{"start":{"line":59,"column":31},"end":{"line":59,"column":100}},"line":59},"3":{"name":"onChange","decl":{"start":{"line":79,"column":31},"end":{"line":79,"column":103}},"loc":{"start":{"line":79,"column":31},"end":{"line":79,"column":103}},"line":79},"4":{"name":"onClick","decl":{"start":{"line":96,"column":59},"end":{"line":96,"column":121}},"loc":{"start":{"line":96,"column":59},"end":{"line":96,"column":121}},"line":96}},"f":{"0":1,"1":1,"2":0,"3":0,"4":0}}
,"/Users/jamesritzman/Documents/Dev/eezy/src/components/BreedPicker/InputGroup/InputGroupHelpers.ts": {"path":"/Users/jamesritzman/Documents/Dev/eezy/src/components/BreedPicker/InputGroup/InputGroupHelpers.ts","all":false,"statementMap":{"0":{"start":{"line":1,"column":0},"end":{"line":1,"column":50}},"1":{"start":{"line":2,"column":0},"end":{"line":2,"column":62}},"2":{"start":{"line":3,"column":0},"end":{"line":3,"column":0}},"3":{"start":{"line":4,"column":0},"end":{"line":4,"column":141}},"4":{"start":{"line":5,"column":0},"end":{"line":5,"column":52}},"5":{"start":{"line":6,"column":0},"end":{"line":6,"column":52}},"6":{"start":{"line":7,"column":0},"end":{"line":7,"column":76}},"7":{"start":{"line":8,"column":0},"end":{"line":8,"column":52}},"8":{"start":{"line":9,"column":0},"end":{"line":9,"column":56}},"9":{"start":{"line":10,"column":0},"end":{"line":10,"column":43}},"10":{"start":{"line":11,"column":0},"end":{"line":11,"column":43}},"11":{"start":{"line":12,"column":0},"end":{"line":12,"column":2}},"12":{"start":{"line":13,"column":0},"end":{"line":13,"column":0}},"13":{"start":{"line":14,"column":0},"end":{"line":14,"column":144}},"14":{"start":{"line":15,"column":0},"end":{"line":15,"column":52}},"15":{"start":{"line":16,"column":0},"end":{"line":16,"column":52}},"16":{"start":{"line":17,"column":0},"end":{"line":17,"column":55}},"17":{"start":{"line":18,"column":0},"end":{"line":18,"column":43}},"18":{"start":{"line":19,"column":0},"end":{"line":19,"column":2}},"19":{"start":{"line":20,"column":0},"end":{"line":20,"column":0}},"20":{"start":{"line":21,"column":0},"end":{"line":21,"column":103}},"21":{"start":{"line":22,"column":0},"end":{"line":22,"column":52}},"22":{"start":{"line":23,"column":0},"end":{"line":23,"column":56}},"23":{"start":{"line":24,"column":0},"end":{"line":24,"column":43}},"24":{"start":{"line":25,"column":0},"end":{"line":25,"column":2}}},"s":{"0":1,"1":1,"2":1,"3":1,"4":1,"5":1,"6":1,"7":1,"8":1,"9":1,"10":1,"11":1,"12":1,"13":1,"14":1,"15":1,"16":1,"17":1,"18":1,"19":1,"20":1,"21":1,"22":1,"23":1,"24":1},"branchMap":{"0":{"type":"branch","line":4,"loc":{"start":{"line":4,"column":140},"end":{"line":12,"column":2}},"locations":[{"start":{"line":4,"column":140},"end":{"line":12,"column":2}}]},"1":{"type":"branch","line":12,"loc":{"start":{"line":12,"column":0},"end":{"line":12,"column":2}},"locations":[{"start":{"line":12,"column":0},"end":{"line":12,"column":2}}]},"2":{"type":"branch","line":14,"loc":{"start":{"line":14,"column":36},"end":{"line":19,"column":2}},"locations":[{"start":{"line":14,"column":36},"end":{"line":19,"column":2}}]},"3":{"type":"branch","line":19,"loc":{"start":{"line":19,"column":0},"end":{"line":19,"column":2}},"locations":[{"start":{"line":19,"column":0},"end":{"line":19,"column":2}}]},"4":{"type":"branch","line":21,"loc":{"start":{"line":21,"column":36},"end":{"line":25,"column":2}},"locations":[{"start":{"line":21,"column":36},"end":{"line":25,"column":2}}]},"5":{"type":"branch","line":25,"loc":{"start":{"line":25,"column":0},"end":{"line":25,"column":2}},"locations":[{"start":{"line":25,"column":0},"end":{"line":25,"column":2}}]}},"b":{"0":[1],"1":[1],"2":[1],"3":[1],"4":[1],"5":[1]},"fnMap":{"0":{"name":"handleBreedChange","decl":{"start":{"line":4,"column":140},"end":{"line":12,"column":2}},"loc":{"start":{"line":4,"column":140},"end":{"line":12,"column":2}},"line":4},"1":{"name":"get","decl":{"start":{"line":12,"column":0},"end":{"line":12,"column":2}},"loc":{"start":{"line":12,"column":0},"end":{"line":12,"column":2}},"line":12},"2":{"name":"handleSubBreedChange","decl":{"start":{"line":14,"column":36},"end":{"line":19,"column":2}},"loc":{"start":{"line":14,"column":36},"end":{"line":19,"column":2}},"line":14},"3":{"name":"get","decl":{"start":{"line":19,"column":0},"end":{"line":19,"column":2}},"loc":{"start":{"line":19,"column":0},"end":{"line":19,"column":2}},"line":19},"4":{"name":"handleAddRowOfInputs","decl":{"start":{"line":21,"column":36},"end":{"line":25,"column":2}},"loc":{"start":{"line":21,"column":36},"end":{"line":25,"column":2}},"line":21},"5":{"name":"get","decl":{"start":{"line":25,"column":0},"end":{"line":25,"column":2}},"loc":{"start":{"line":25,"column":0},"end":{"line":25,"column":2}},"line":25}},"f":{"0":1,"1":1,"2":1,"3":1,"4":1,"5":1}}
,"/Users/jamesritzman/Documents/Dev/eezy/src/components/ImagesModal/ImagesModal.tsx": {"path":"/Users/jamesritzman/Documents/Dev/eezy/src/components/ImagesModal/ImagesModal.tsx","all":false,"statementMap":{"0":{"start":{"line":1,"column":0},"end":{"line":1,"column":51}},"1":{"start":{"line":2,"column":0},"end":{"line":2,"column":73}},"2":{"start":{"line":3,"column":0},"end":{"line":3,"column":28}},"3":{"start":{"line":4,"column":0},"end":{"line":4,"column":0}},"4":{"start":{"line":5,"column":0},"end":{"line":5,"column":0}},"5":{"start":{"line":6,"column":0},"end":{"line":6,"column":29}},"6":{"start":{"line":7,"column":0},"end":{"line":7,"column":12}},"7":{"start":{"line":8,"column":0},"end":{"line":8,"column":26}},"8":{"start":{"line":9,"column":0},"end":{"line":9,"column":5}},"9":{"start":{"line":10,"column":0},"end":{"line":10,"column":1}},"10":{"start":{"line":11,"column":0},"end":{"line":11,"column":0}},"11":{"start":{"line":12,"column":0},"end":{"line":12,"column":29}},"12":{"start":{"line":13,"column":0},"end":{"line":13,"column":18}},"13":{"start":{"line":14,"column":0},"end":{"line":14,"column":20}},"14":{"start":{"line":15,"column":0},"end":{"line":15,"column":1}},"15":{"start":{"line":16,"column":0},"end":{"line":16,"column":0}},"16":{"start":{"line":17,"column":0},"end":{"line":17,"column":29}},"17":{"start":{"line":18,"column":0},"end":{"line":18,"column":22}},"18":{"start":{"line":19,"column":0},"end":{"line":19,"column":35}},"19":{"start":{"line":20,"column":0},"end":{"line":20,"column":1}},"20":{"start":{"line":21,"column":0},"end":{"line":21,"column":0}},"21":{"start":{"line":22,"column":0},"end":{"line":22,"column":0}},"22":{"start":{"line":23,"column":0},"end":{"line":23,"column":54}},"23":{"start":{"line":24,"column":0},"end":{"line":24,"column":46}},"24":{"start":{"line":25,"column":0},"end":{"line":25,"column":0}},"25":{"start":{"line":26,"column":0},"end":{"line":26,"column":41}},"26":{"start":{"line":27,"column":0},"end":{"line":27,"column":60}},"27":{"start":{"line":28,"column":0},"end":{"line":28,"column":20}},"28":{"start":{"line":29,"column":0},"end":{"line":29,"column":96}},"29":{"start":{"line":30,"column":0},"end":{"line":30,"column":104}},"30":{"start":{"line":31,"column":0},"end":{"line":31,"column":13}},"31":{"start":{"line":32,"column":0},"end":{"line":32,"column":10}},"32":{"start":{"line":33,"column":0},"end":{"line":33,"column":7}},"33":{"start":{"line":34,"column":0},"end":{"line":34,"column":0}},"34":{"start":{"line":35,"column":0},"end":{"line":35,"column":115}},"35":{"start":{"line":36,"column":0},"end":{"line":36,"column":55}},"36":{"start":{"line":37,"column":0},"end":{"line":37,"column":48}},"37":{"start":{"line":38,"column":0},"end":{"line":38,"column":78}},"38":{"start":{"line":39,"column":0},"end":{"line":39,"column":58}},"39":{"start":{"line":40,"column":0},"end":{"line":40,"column":69}},"40":{"start":{"line":41,"column":0},"end":{"line":41,"column":43}},"41":{"start":{"line":42,"column":0},"end":{"line":42,"column":15}},"42":{"start":{"line":43,"column":0},"end":{"line":43,"column":9}},"43":{"start":{"line":44,"column":0},"end":{"line":44,"column":7}},"44":{"start":{"line":45,"column":0},"end":{"line":45,"column":45}},"45":{"start":{"line":46,"column":0},"end":{"line":46,"column":0}},"46":{"start":{"line":47,"column":0},"end":{"line":47,"column":12}},"47":{"start":{"line":48,"column":0},"end":{"line":48,"column":12}},"48":{"start":{"line":49,"column":0},"end":{"line":49,"column":46}},"49":{"start":{"line":50,"column":0},"end":{"line":50,"column":29}},"50":{"start":{"line":51,"column":0},"end":{"line":51,"column":9}},"51":{"start":{"line":52,"column":0},"end":{"line":52,"column":58}},"52":{"start":{"line":53,"column":0},"end":{"line":53,"column":17}},"53":{"start":{"line":54,"column":0},"end":{"line":54,"column":54}},"54":{"start":{"line":55,"column":0},"end":{"line":55,"column":100}},"55":{"start":{"line":56,"column":0},"end":{"line":56,"column":22}},"56":{"start":{"line":57,"column":0},"end":{"line":57,"column":17}},"57":{"start":{"line":58,"column":0},"end":{"line":58,"column":18}},"58":{"start":{"line":59,"column":0},"end":{"line":59,"column":14}},"59":{"start":{"line":60,"column":0},"end":{"line":60,"column":5}},"60":{"start":{"line":61,"column":0},"end":{"line":61,"column":2}},"61":{"start":{"line":62,"column":0},"end":{"line":62,"column":0}},"62":{"start":{"line":63,"column":0},"end":{"line":63,"column":27}}},"s":{"0":1,"1":1,"2":1,"3":1,"4":1,"5":1,"6":1,"7":1,"8":1,"9":1,"10":1,"11":1,"12":1,"13":1,"14":1,"15":1,"16":1,"17":1,"18":1,"19":1,"20":1,"21":1,"22":1,"23":1,"24":1,"25":1,"26":1,"27":1,"28":1,"29":1,"30":1,"31":1,"32":1,"33":1,"34":1,"35":1,"36":1,"37":1,"38":1,"39":0,"40":0,"41":0,"42":0,"43":1,"44":1,"45":1,"46":1,"47":1,"48":1,"49":1,"50":1,"51":1,"52":1,"53":1,"54":0,"55":1,"56":1,"57":1,"58":1,"59":1,"60":1,"61":1,"62":1},"branchMap":{"0":{"type":"branch","line":23,"loc":{"start":{"line":23,"column":20},"end":{"line":61,"column":2}},"locations":[{"start":{"line":23,"column":20},"end":{"line":61,"column":2}}]},"1":{"type":"branch","line":27,"loc":{"start":{"line":27,"column":37},"end":{"line":32,"column":9}},"locations":[{"start":{"line":27,"column":37},"end":{"line":32,"column":9}}]},"2":{"type":"branch","line":30,"loc":{"start":{"line":30,"column":25},"end":{"line":30,"column":104}},"locations":[{"start":{"line":30,"column":25},"end":{"line":30,"column":104}}]},"3":{"type":"branch","line":38,"loc":{"start":{"line":38,"column":29},"end":{"line":44,"column":5}},"locations":[{"start":{"line":38,"column":29},"end":{"line":44,"column":5}}]},"4":{"type":"branch","line":39,"loc":{"start":{"line":39,"column":34},"end":{"line":39,"column":57}},"locations":[{"start":{"line":39,"column":34},"end":{"line":39,"column":57}}]},"5":{"type":"branch","line":39,"loc":{"start":{"line":39,"column":57},"end":{"line":43,"column":9}},"locations":[{"start":{"line":39,"column":57},"end":{"line":43,"column":9}}]}},"b":{"0":[1],"1":[1],"2":[1],"3":[1],"4":[0],"5":[0]},"fnMap":{"0":{"name":"ImagesModal","decl":{"start":{"line":23,"column":20},"end":{"line":61,"column":2}},"loc":{"start":{"line":23,"column":20},"end":{"line":61,"column":2}},"line":23},"1":{"name":"queryFn","decl":{"start":{"line":30,"column":25},"end":{"line":30,"column":104}},"loc":{"start":{"line":30,"column":25},"end":{"line":30,"column":104}},"line":30}},"f":{"0":1,"1":1}}
}
